UI/android/app/build/intermediates/manifest_merge_blame_file/debug/manifest-merger-blame-debug-report.txt
1<?xml version="1.0" encoding="utf-8"?>
2<manifest xmlns:android="http://schemas.android.com/apk/res/android"
3    package="com.uifyp"
4    android:versionCode="1"
5    android:versionName="1.0" >
6
7    <uses-sdk
8        android:minSdkVersion="21"
9        android:targetSdkVersion="33" />
10
11    <uses-permission android:name="android.permission.SYSTEM_ALERT_WINDOW" />
11-->src\debug\AndroidManifest.xml:5:5-77
11-->src\debug\AndroidManifest.xml:5:22-75
12    <uses-permission android:name="android.permission.INTERNET" />
12-->src\main\AndroidManifest.xml:3:5-67
12-->src\main\AndroidManifest.xml:3:22-64
13    <uses-permission android:name="android.permission.CAMERA" />
13-->src\main\AndroidManifest.xml:4:5-65
13-->src\main\AndroidManifest.xml:4:22-62
14    <uses-permission android:name="android.permission.READ_EXTERNAL_STORAGE" />
14-->src\main\AndroidManifest.xml:5:5-80
14-->src\main\AndroidManifest.xml:5:22-77
15    <uses-permission android:name="android.permission.WRITE_EXTERNAL_STORAGE" />
15-->src\main\AndroidManifest.xml:6:5-81
15-->src\main\AndroidManifest.xml:6:22-78
16    <uses-permission android:name="android.permission.RECORD_AUDIO" />
16-->src\main\AndroidManifest.xml:7:5-70
16-->src\main\AndroidManifest.xml:7:22-68
17    <uses-permission android:name="android.permission.BLUETOOTH_CONNECT" />
17-->src\main\AndroidManifest.xml:8:5-76
17-->src\main\AndroidManifest.xml:8:22-73
18    <uses-permission android:name="android.permission.BLUETOOTH_SCAN" />
18-->src\main\AndroidManifest.xml:9:5-73
18-->src\main\AndroidManifest.xml:9:22-70
19    <uses-permission android:name="android.permission.BLUETOOTH_ADMIN" />
19-->src\main\AndroidManifest.xml:10:5-74
19-->src\main\AndroidManifest.xml:10:22-71
20    <uses-permission android:name="android.permission.BLUETOOTH" />
20-->src\main\AndroidManifest.xml:11:5-68
20-->src\main\AndroidManifest.xml:11:22-65
21
22    <uses-permission-sdk-23 android:name="android.permission.VIBRATE" />
22-->src\main\AndroidManifest.xml:12:5-72
22-->src\main\AndroidManifest.xml:12:29-70
23
24    <uses-permission android:name="android.permission.ACCESS_WIFI_STATE" />
24-->[com.facebook.flipper:flipper:0.182.0] AndroidManifest.xml:16:5-76
24-->[com.facebook.flipper:flipper:0.182.0] AndroidManifest.xml:16:22-73
25    <uses-permission android:name="android.permission.ACCESS_NETWORK_STATE" />
25-->[:react-native-community_netinfo] AndroidManifest.xml:7:5-79
25-->[:react-native-community_netinfo] AndroidManifest.xml:7:22-76
26    <uses-permission android:name="android.permission.ACCESS_COARSE_LOCATION" />
26-->[:react-native-bluetooth-escpos-printer] AndroidManifest.xml:9:5-81
26-->[:react-native-bluetooth-escpos-printer] AndroidManifest.xml:9:22-78
27    <uses-permission android:name="android.permission.ACCESS_FINE_LOCATION" />
27-->[:react-native-bluetooth-escpos-printer] AndroidManifest.xml:10:5-79
27-->[:react-native-bluetooth-escpos-printer] AndroidManifest.xml:10:22-76
28
29    <uses-feature
29-->[:react-native-camera] AndroidManifest.xml:9:5-11:36
30        android:name="android.hardware.camera"
30-->[:react-native-camera] AndroidManifest.xml:10:9-47
31        android:required="false" />
31-->[:react-native-camera] AndroidManifest.xml:11:9-33
32    <uses-feature
32-->[:react-native-camera] AndroidManifest.xml:12:5-14:36
33        android:name="android.hardware.camera.autofocus"
33-->[:react-native-camera] AndroidManifest.xml:13:9-57
34        android:required="false" />
34-->[:react-native-camera] AndroidManifest.xml:14:9-33
35
36    <uses-permission android:name="android.permission.VIBRATE" />
36-->[:react-native-haptic-feedback] AndroidManifest.xml:7:5-66
36-->[:react-native-haptic-feedback] AndroidManifest.xml:7:22-63
37    <uses-permission android:name="android.permission.FLASHLIGHT" />
37-->[:react-native-torch] AndroidManifest.xml:8:5-69
37-->[:react-native-torch] AndroidManifest.xml:8:22-66
38    <uses-permission android:name="android.permission.WAKE_LOCK" />
38-->[:react-native-track-player] AndroidManifest.xml:7:5-68
38-->[:react-native-track-player] AndroidManifest.xml:7:22-65
39    <uses-permission android:name="android.permission.FOREGROUND_SERVICE" />
39-->[:react-native-track-player] AndroidManifest.xml:8:5-77
39-->[:react-native-track-player] AndroidManifest.xml:8:22-74
40    <uses-permission android:name="android.permission.FOREGROUND_SERVICE_MEDIA_PLAYBACK" /> <!-- Required to access Google Play Licensing -->
40-->[:react-native-track-player] AndroidManifest.xml:9:5-92
40-->[:react-native-track-player] AndroidManifest.xml:9:22-89
41    <uses-permission android:name="com.android.vending.CHECK_LICENSE" />
41-->[:rn-fetch-blob] AndroidManifest.xml:8:5-73
41-->[:rn-fetch-blob] AndroidManifest.xml:8:22-70
42
43    <queries>
43-->[androidx.camera:camera-extensions:1.1.0] AndroidManifest.xml:24:5-28:15
44        <intent>
44-->[androidx.camera:camera-extensions:1.1.0] AndroidManifest.xml:25:9-27:18
45            <action android:name="androidx.camera.extensions.action.VENDOR_ACTION" />
45-->[androidx.camera:camera-extensions:1.1.0] AndroidManifest.xml:26:13-86
45-->[androidx.camera:camera-extensions:1.1.0] AndroidManifest.xml:26:21-83
46        </intent>
47
48        <package android:name="androidx.test.orchestrator" />
48-->[androidx.test:runner:1.4.0] AndroidManifest.xml:25:9-62
48-->[androidx.test:runner:1.4.0] AndroidManifest.xml:25:18-59
49        <package android:name="androidx.test.services" />
49-->[androidx.test:runner:1.4.0] AndroidManifest.xml:26:9-58
49-->[androidx.test:runner:1.4.0] AndroidManifest.xml:26:18-55
50        <package android:name="com.google.android.apps.common.testing.services" />
50-->[androidx.test:runner:1.4.0] AndroidManifest.xml:27:9-83
50-->[androidx.test:runner:1.4.0] AndroidManifest.xml:27:18-80
51    </queries>
52
53    <permission
53-->[androidx.core:core:1.9.0] AndroidManifest.xml:22:5-24:47
54        android:name="com.uifyp.DYNAMIC_RECEIVER_NOT_EXPORTED_PERMISSION"
54-->[androidx.core:core:1.9.0] AndroidManifest.xml:23:9-81
55        android:protectionLevel="signature" />
55-->[androidx.core:core:1.9.0] AndroidManifest.xml:24:9-44
56
57    <uses-permission android:name="com.uifyp.DYNAMIC_RECEIVER_NOT_EXPORTED_PERMISSION" />
57-->[androidx.core:core:1.9.0] AndroidManifest.xml:26:5-97
57-->[androidx.core:core:1.9.0] AndroidManifest.xml:26:22-94
58
59    <application
59-->src\main\AndroidManifest.xml:13:5-34:19
60        android:name="com.uifyp.MainApplication"
60-->src\main\AndroidManifest.xml:14:7-38
61        android:allowBackup="false"
61-->src\main\AndroidManifest.xml:18:7-34
62        android:appComponentFactory="androidx.core.app.CoreComponentFactory"
62-->[androidx.core:core:1.9.0] AndroidManifest.xml:28:18-86
63        android:debuggable="true"
64        android:icon="@mipmap/ic_launcher"
64-->src\main\AndroidManifest.xml:16:7-41
65        android:label="@string/app_name"
65-->src\main\AndroidManifest.xml:15:7-39
66        android:roundIcon="@mipmap/ic_launcher_round"
66-->src\main\AndroidManifest.xml:17:7-52
67        android:supportsRtl="true"
67-->src\main\AndroidManifest.xml:20:7-33
68        android:theme="@style/AppTheme"
68-->src\main\AndroidManifest.xml:19:7-38
69        android:usesCleartextTraffic="true" >
69-->src\debug\AndroidManifest.xml:8:9-44
70        <activity
70-->src\debug\AndroidManifest.xml:11:9-111
71            android:name="com.facebook.react.devsupport.DevSettingsActivity"
71-->src\debug\AndroidManifest.xml:11:19-83
72            android:exported="false" />
72-->src\debug\AndroidManifest.xml:11:84-108
73        <activity
73-->src\main\AndroidManifest.xml:21:7-33:18
74            android:name="com.uifyp.MainActivity"
74-->src\main\AndroidManifest.xml:22:9-37
75            android:configChanges="keyboard|keyboardHidden|orientation|screenLayout|screenSize|smallestScreenSize|uiMode"
75-->src\main\AndroidManifest.xml:24:9-118
76            android:exported="true"
76-->src\main\AndroidManifest.xml:27:9-32
77            android:label="@string/app_name"
77-->src\main\AndroidManifest.xml:23:9-41
78            android:launchMode="singleTask"
78-->src\main\AndroidManifest.xml:25:9-40
79            android:supportsRtl="true"
79-->src\main\AndroidManifest.xml:28:9-35
80            android:windowSoftInputMode="adjustResize" >
80-->src\main\AndroidManifest.xml:26:9-51
81            <intent-filter>
81-->src\main\AndroidManifest.xml:29:9-32:25
82                <action android:name="android.intent.action.MAIN" />
82-->src\main\AndroidManifest.xml:30:13-65
82-->src\main\AndroidManifest.xml:30:21-62
83
84                <category android:name="android.intent.category.LAUNCHER" />
84-->src\main\AndroidManifest.xml:31:13-73
84-->src\main\AndroidManifest.xml:31:23-70
85            </intent-filter>
86        </activity>
87
88        <provider
88-->[:react-native-image-picker] AndroidManifest.xml:8:9-16:20
89            android:name="com.imagepicker.ImagePickerProvider"
89-->[:react-native-image-picker] AndroidManifest.xml:9:13-63
90            android:authorities="com.uifyp.imagepickerprovider"
90-->[:react-native-image-picker] AndroidManifest.xml:10:13-71
91            android:exported="false"
91-->[:react-native-image-picker] AndroidManifest.xml:11:13-37
92            android:grantUriPermissions="true" >
92-->[:react-native-image-picker] AndroidManifest.xml:12:13-47
93            <meta-data
93-->[:react-native-image-picker] AndroidManifest.xml:13:13-15:70
94                android:name="android.support.FILE_PROVIDER_PATHS"
94-->[:react-native-image-picker] AndroidManifest.xml:14:17-67
95                android:resource="@xml/imagepicker_provider_paths" />
95-->[:react-native-image-picker] AndroidManifest.xml:15:17-67
96        </provider>
97        <provider
97-->[:react-native-share] AndroidManifest.xml:8:9-16:20
98            android:name="cl.json.RNShareFileProvider"
98-->[:react-native-share] AndroidManifest.xml:9:13-55
99            android:authorities="com.uifyp.rnshare.fileprovider"
99-->[:react-native-share] AndroidManifest.xml:10:13-72
100            android:exported="false"
100-->[:react-native-share] AndroidManifest.xml:11:13-37
101            android:grantUriPermissions="true" >
101-->[:react-native-share] AndroidManifest.xml:12:13-47
102            <meta-data
102-->[:react-native-image-picker] AndroidManifest.xml:13:13-15:70
103                android:name="android.support.FILE_PROVIDER_PATHS"
103-->[:react-native-image-picker] AndroidManifest.xml:14:17-67
104                android:resource="@xml/share_download_paths" />
104-->[:react-native-image-picker] AndroidManifest.xml:15:17-67
105        </provider> <!-- The main service, handles playback, playlists and media buttons -->
106        <service
106-->[:react-native-track-player] AndroidManifest.xml:14:9-22:19
107            android:name="com.doublesymmetry.trackplayer.service.MusicService"
107-->[:react-native-track-player] AndroidManifest.xml:15:13-79
108            android:enabled="true"
108-->[:react-native-track-player] AndroidManifest.xml:16:13-35
109            android:exported="true"
109-->[:react-native-track-player] AndroidManifest.xml:17:13-36
110            android:foregroundServiceType="mediaPlayback" >
110-->[:react-native-track-player] AndroidManifest.xml:18:13-58
111            <intent-filter>
111-->[:react-native-track-player] AndroidManifest.xml:19:13-21:29
112                <action android:name="android.intent.action.MEDIA_BUTTON" />
112-->[:react-native-track-player] AndroidManifest.xml:20:17-77
112-->[:react-native-track-player] AndroidManifest.xml:20:25-74
113            </intent-filter>
114        </service>
115
116        <provider
116-->[:rn-fetch-blob] AndroidManifest.xml:32:9-40:20
117            android:name="com.RNFetchBlob.Utils.FileProvider"
117-->[:rn-fetch-blob] AndroidManifest.xml:33:13-62
118            android:authorities="com.uifyp.provider"
118-->[:rn-fetch-blob] AndroidManifest.xml:34:13-60
119            android:exported="false"
119-->[:rn-fetch-blob] AndroidManifest.xml:35:13-37
120            android:grantUriPermissions="true" >
120-->[:rn-fetch-blob] AndroidManifest.xml:36:13-47
121            <meta-data
121-->[:react-native-image-picker] AndroidManifest.xml:13:13-15:70
122                android:name="android.support.FILE_PROVIDER_PATHS"
122-->[:react-native-image-picker] AndroidManifest.xml:14:17-67
123                android:resource="@xml/provider_paths" />
123-->[:react-native-image-picker] AndroidManifest.xml:15:17-67
124        </provider>
125
126        <service
126-->[com.google.android.gms:play-services-mlkit-face-detection:16.2.0] AndroidManifest.xml:9:9-15:19
127            android:name="com.google.mlkit.common.internal.MlKitComponentDiscoveryService"
127-->[com.google.android.gms:play-services-mlkit-face-detection:16.2.0] AndroidManifest.xml:10:13-91
128            android:directBootAware="true"
128-->[com.google.mlkit:common:17.3.0] AndroidManifest.xml:17:13-43
129            android:exported="false" >
129-->[com.google.android.gms:play-services-mlkit-face-detection:16.2.0] AndroidManifest.xml:11:13-37
130            <meta-data
130-->[com.google.android.gms:play-services-mlkit-face-detection:16.2.0] AndroidManifest.xml:12:13-14:85
131                android:name="com.google.firebase.components:com.google.mlkit.vision.face.internal.FaceRegistrar"
131-->[com.google.android.gms:play-services-mlkit-face-detection:16.2.0] AndroidManifest.xml:13:17-114
132                android:value="com.google.firebase.components.ComponentRegistrar" />
132-->[com.google.android.gms:play-services-mlkit-face-detection:16.2.0] AndroidManifest.xml:14:17-82
133            <meta-data
133-->[com.google.android.gms:play-services-mlkit-text-recognition:16.3.0] AndroidManifest.xml:12:13-14:85
134                android:name="com.google.firebase.components:com.google.mlkit.vision.text.internal.TextRegistrar"
134-->[com.google.android.gms:play-services-mlkit-text-recognition:16.3.0] AndroidManifest.xml:13:17-114
135                android:value="com.google.firebase.components.ComponentRegistrar" />
135-->[com.google.android.gms:play-services-mlkit-text-recognition:16.3.0] AndroidManifest.xml:14:17-82
136            <meta-data
136-->[com.google.android.gms:play-services-mlkit-barcode-scanning:16.2.1] AndroidManifest.xml:12:13-14:85
137                android:name="com.google.firebase.components:com.google.mlkit.vision.barcode.internal.BarcodeRegistrar"
137-->[com.google.android.gms:play-services-mlkit-barcode-scanning:16.2.1] AndroidManifest.xml:13:17-120
138                android:value="com.google.firebase.components.ComponentRegistrar" />
138-->[com.google.android.gms:play-services-mlkit-barcode-scanning:16.2.1] AndroidManifest.xml:14:17-82
139            <meta-data
139-->[com.google.mlkit:vision-common:16.5.0] AndroidManifest.xml:12:13-14:85
140                android:name="com.google.firebase.components:com.google.mlkit.vision.common.internal.VisionCommonRegistrar"
140-->[com.google.mlkit:vision-common:16.5.0] AndroidManifest.xml:13:17-124
141                android:value="com.google.firebase.components.ComponentRegistrar" />
141-->[com.google.mlkit:vision-common:16.5.0] AndroidManifest.xml:14:17-82
142            <meta-data
142-->[com.google.mlkit:common:17.3.0] AndroidManifest.xml:20:13-22:85
143                android:name="com.google.firebase.components:com.google.mlkit.common.internal.CommonComponentRegistrar"
143-->[com.google.mlkit:common:17.3.0] AndroidManifest.xml:21:17-120
144                android:value="com.google.firebase.components.ComponentRegistrar" />
144-->[com.google.mlkit:common:17.3.0] AndroidManifest.xml:22:17-82
145        </service>
146
147        <provider
147-->[com.google.mlkit:common:17.3.0] AndroidManifest.xml:9:9-13:38
148            android:name="com.google.mlkit.common.internal.MlKitInitProvider"
148-->[com.google.mlkit:common:17.3.0] AndroidManifest.xml:10:13-78
149            android:authorities="com.uifyp.mlkitinitprovider"
149-->[com.google.mlkit:common:17.3.0] AndroidManifest.xml:11:13-69
150            android:exported="false"
150-->[com.google.mlkit:common:17.3.0] AndroidManifest.xml:12:13-37
151            android:initOrder="99" />
151-->[com.google.mlkit:common:17.3.0] AndroidManifest.xml:13:13-35
152
153        <activity
153-->[com.google.android.gms:play-services-base:17.6.0] AndroidManifest.xml:23:9-26:75
154            android:name="com.google.android.gms.common.api.GoogleApiActivity"
154-->[com.google.android.gms:play-services-base:17.6.0] AndroidManifest.xml:24:13-79
155            android:exported="false"
155-->[com.google.android.gms:play-services-base:17.6.0] AndroidManifest.xml:25:13-37
156            android:theme="@android:style/Theme.Translucent.NoTitleBar" />
156-->[com.google.android.gms:play-services-base:17.6.0] AndroidManifest.xml:26:13-72
157
158        <meta-data
158-->[com.google.android.gms:play-services-basement:17.6.0] AndroidManifest.xml:23:9-25:69
159            android:name="com.google.android.gms.version"
159-->[com.google.android.gms:play-services-basement:17.6.0] AndroidManifest.xml:24:13-58
160            android:value="@integer/google_play_services_version" />
160-->[com.google.android.gms:play-services-basement:17.6.0] AndroidManifest.xml:25:13-66
161
162        <uses-library
162-->[androidx.camera:camera-extensions:1.1.0] AndroidManifest.xml:31:9-33:40
163            android:name="androidx.camera.extensions.impl"
163-->[androidx.camera:camera-extensions:1.1.0] AndroidManifest.xml:32:13-59
164            android:required="false" />
164-->[androidx.camera:camera-extensions:1.1.0] AndroidManifest.xml:33:13-37
165
166        <service
166-->[androidx.camera:camera-camera2:1.1.0] AndroidManifest.xml:26:9-35:19
167            android:name="androidx.camera.core.impl.MetadataHolderService"
167-->[androidx.camera:camera-camera2:1.1.0] AndroidManifest.xml:27:13-75
168            android:enabled="false"
168-->[androidx.camera:camera-camera2:1.1.0] AndroidManifest.xml:28:13-36
169            android:exported="false" >
169-->[androidx.camera:camera-camera2:1.1.0] AndroidManifest.xml:29:13-37
170            <meta-data
170-->[androidx.camera:camera-camera2:1.1.0] AndroidManifest.xml:32:13-34:89
171                android:name="androidx.camera.core.impl.MetadataHolderService.DEFAULT_CONFIG_PROVIDER"
171-->[androidx.camera:camera-camera2:1.1.0] AndroidManifest.xml:33:17-103
172                android:value="androidx.camera.camera2.Camera2Config$DefaultProvider" />
172-->[androidx.camera:camera-camera2:1.1.0] AndroidManifest.xml:34:17-86
173        </service>
174
175        <provider
175-->[androidx.emoji2:emoji2:1.2.0] AndroidManifest.xml:24:9-32:20
176            android:name="androidx.startup.InitializationProvider"
176-->[androidx.emoji2:emoji2:1.2.0] AndroidManifest.xml:25:13-67
177            android:authorities="com.uifyp.androidx-startup"
177-->[androidx.emoji2:emoji2:1.2.0] AndroidManifest.xml:26:13-68
178            android:exported="false" >
178-->[androidx.emoji2:emoji2:1.2.0] AndroidManifest.xml:27:13-37
179            <meta-data
179-->[androidx.emoji2:emoji2:1.2.0] AndroidManifest.xml:29:13-31:52
180                android:name="androidx.emoji2.text.EmojiCompatInitializer"
180-->[androidx.emoji2:emoji2:1.2.0] AndroidManifest.xml:30:17-75
181                android:value="androidx.startup" />
181-->[androidx.emoji2:emoji2:1.2.0] AndroidManifest.xml:31:17-49
182            <meta-data
182-->[androidx.lifecycle:lifecycle-process:2.5.1] AndroidManifest.xml:31:13-33:52
183                android:name="androidx.lifecycle.ProcessLifecycleInitializer"
183-->[androidx.lifecycle:lifecycle-process:2.5.1] AndroidManifest.xml:32:17-78
184                android:value="androidx.startup" />
184-->[androidx.lifecycle:lifecycle-process:2.5.1] AndroidManifest.xml:33:17-49
185        </provider>
186
187        <service
187-->[com.google.android.datatransport:transport-backend-cct:2.3.3] AndroidManifest.xml:29:9-35:19
188            android:name="com.google.android.datatransport.runtime.backends.TransportBackendDiscovery"
188-->[com.google.android.datatransport:transport-backend-cct:2.3.3] AndroidManifest.xml:30:13-103
189            android:exported="false" >
189-->[com.google.android.datatransport:transport-backend-cct:2.3.3] AndroidManifest.xml:31:13-37
190            <meta-data
190-->[com.google.android.datatransport:transport-backend-cct:2.3.3] AndroidManifest.xml:32:13-34:39
191                android:name="backend:com.google.android.datatransport.cct.CctBackendFactory"
191-->[com.google.android.datatransport:transport-backend-cct:2.3.3] AndroidManifest.xml:33:17-94
192                android:value="cct" />
192-->[com.google.android.datatransport:transport-backend-cct:2.3.3] AndroidManifest.xml:34:17-36
193        </service>
194        <service
194-->[com.google.android.datatransport:transport-runtime:2.2.6] AndroidManifest.xml:26:9-30:19
195            android:name="com.google.android.datatransport.runtime.scheduling.jobscheduling.JobInfoSchedulerService"
195-->[com.google.android.datatransport:transport-runtime:2.2.6] AndroidManifest.xml:27:13-117
196            android:exported="false"
196-->[com.google.android.datatransport:transport-runtime:2.2.6] AndroidManifest.xml:28:13-37
197            android:permission="android.permission.BIND_JOB_SERVICE" >
197-->[com.google.android.datatransport:transport-runtime:2.2.6] AndroidManifest.xml:29:13-69
198        </service>
199
200        <receiver
200-->[com.google.android.datatransport:transport-runtime:2.2.6] AndroidManifest.xml:32:9-34:40
201            android:name="com.google.android.datatransport.runtime.scheduling.jobscheduling.AlarmManagerSchedulerBroadcastReceiver"
201-->[com.google.android.datatransport:transport-runtime:2.2.6] AndroidManifest.xml:33:13-132
202            android:exported="false" />
202-->[com.google.android.datatransport:transport-runtime:2.2.6] AndroidManifest.xml:34:13-37
203
204        <meta-data
204-->[com.facebook.soloader:soloader:0.10.5] AndroidManifest.xml:12:9-14:37
205            android:name="com.facebook.soloader.enabled"
205-->[com.facebook.soloader:soloader:0.10.5] AndroidManifest.xml:13:13-57
206            android:value="false" />
206-->[com.facebook.soloader:soloader:0.10.5] AndroidManifest.xml:14:13-34
207    </application>
208
209</manifest>